<?xml version="1.0" encoding="UTF-8"?>
<testng-results ignored="0" total="1" passed="1" failed="0" skipped="0">
  <reporter-output>
  </reporter-output>
  <suite started-at="2022-07-19T09:47:09 IST" name="Default suite" finished-at="2022-07-19T09:47:10 IST" duration-ms="339">
    <groups>
    </groups>
    <test started-at="2022-07-19T09:47:09 IST" name="Default test" finished-at="2022-07-19T09:47:10 IST" duration-ms="339">
      <class name="baseclass.sm">
        <test-method signature="testse()[pri:0, instance:baseclass.sm@682b2fa]" started-at="2022-07-19T09:47:10 IST" name="testse" finished-at="2022-07-19T09:47:10 IST" duration-ms="52" status="PASS">
          <reporter-output>
          </reporter-output>
        </test-method> <!-- testse -->
      </class> <!-- baseclass.sm -->
    </test> <!-- Default test -->
  </suite> <!-- Default suite -->
</testng-results>
